
2025-03-31T08:12:36.717Z  INFO 34776 --- [Test worker] u.h.c.GreetingsControllerIntegrationTest : Starting GreetingsControllerIntegrationTest using Java 21.0.5 with PID 34776 (started by codespace in /workspaces/service)
2025-03-31T08:12:36.719Z DEBUG 34776 --- [Test worker] u.h.c.GreetingsControllerIntegrationTest : Running with Spring Boot v3.4.0, Spring v6.2.0
2025-03-31T08:12:36.721Z  INFO 34776 --- [Test worker] u.h.c.GreetingsControllerIntegrationTest : No active profile set, falling back to 1 default profile: "default"
2025-03-31T08:12:38.148Z  INFO 34776 --- [Test worker] .s.d.r.c.RepositoryConfigurationDelegate : Bootstrapping Spring Data MongoDB repositories in DEFAULT mode.
2025-03-31T08:12:38.169Z  INFO 34776 --- [Test worker] .i.s.PathMatchingResourcePatternResolver : Skipping search for files matching pattern [**/*.class]: directory [/workspaces/service/build/classes/java/test/ro/unibuc/hello/repositories] does not exist
2025-03-31T08:12:38.203Z  INFO 34776 --- [Test worker] .i.s.PathMatchingResourcePatternResolver : Skipping search for files matching pattern [**/*.class]: directory [/workspaces/service/build/classes/java/test/ro/unibuc/hello/data] does not exist
2025-03-31T08:12:38.242Z  INFO 34776 --- [Test worker] .i.s.PathMatchingResourcePatternResolver : Skipping search for files matching pattern [**/*Impl.class]: directory [/workspaces/service/build/classes/java/test/ro/unibuc/hello/repositories] does not exist
2025-03-31T08:12:38.243Z  INFO 34776 --- [Test worker] .i.s.PathMatchingResourcePatternResolver : Skipping search for files matching pattern [**/*Impl.class]: directory [/workspaces/service/build/classes/java/test/ro/unibuc/hello/data] does not exist
2025-03-31T08:12:38.273Z  INFO 34776 --- [Test worker] .s.d.r.c.RepositoryConfigurationDelegate : Finished Spring Data repository scanning in 109 ms. Found 7 MongoDB repository interfaces.
2025-03-31T08:12:39.689Z  INFO 34776 --- [Test worker] org.mongodb.driver.client                : MongoClient with metadata {"driver": {"name": "mongo-java-driver|sync", "version": "5.2.1"}, "os": {"type": "Linux", "name": "Linux", "architecture": "amd64", "version": "6.8.0-1021-azure"}, "platform": "Java/Microsoft/21.0.5+11-LTS", "env": {"container": {"runtime": "docker"}}} created with settings MongoClientSettings{readPreference=primary, writeConcern=WriteConcern{w=null, wTimeout=null ms, journal=null}, retryWrites=true, retryReads=true, readConcern=ReadConcern{level=null}, credential=null, transportSettings=null, commandListeners=[], codecRegistry=ProvidersCodecRegistry{codecProviders=[ValueCodecProvider{}, BsonValueCodecProvider{}, DBRefCodecProvider{}, DBObjectCodecProvider{}, DocumentCodecProvider{}, CollectionCodecProvider{}, IterableCodecProvider{}, MapCodecProvider{}, GeoJsonCodecProvider{}, GridFSFileCodecProvider{}, Jsr310CodecProvider{}, JsonObjectCodecProvider{}, BsonCodecProvider{}, EnumCodecProvider{}, com.mongodb.client.model.mql.ExpressionCodecProvider@776609b, com.mongodb.Jep395RecordCodecProvider@58da1b27, com.mongodb.KotlinCodecProvider@347c6044]}, loggerSettings=LoggerSettings{maxDocumentLength=1000}, clusterSettings={hosts=[localhost:32769], srvServiceName=mongodb, mode=SINGLE, requiredClusterType=UNKNOWN, requiredReplicaSetName='null', serverSelector='null', clusterListeners='[]', serverSelectionTimeout='30000 ms', localThreshold='15 ms'}, socketSettings=SocketSettings{connectTimeoutMS=10000, readTimeoutMS=0, receiveBufferSize=0, proxySettings=ProxySettings{host=null, port=null, username=null, password=null}}, heartbeatSocketSettings=SocketSettings{connectTimeoutMS=10000, readTimeoutMS=10000, receiveBufferSize=0, proxySettings=ProxySettings{host=null, port=null, username=null, password=null}}, connectionPoolSettings=ConnectionPoolSettings{maxSize=100, minSize=0, maxWaitTimeMS=120000, maxConnectionLifeTimeMS=0, maxConnectionIdleTimeMS=0, maintenanceInitialDelayMS=0, maintenanceFrequencyMS=60000, connectionPoolListeners=[], maxConnecting=2}, serverSettings=ServerSettings{heartbeatFrequencyMS=10000, minHeartbeatFrequencyMS=500, serverMonitoringMode=AUTO, serverListeners='[]', serverMonitorListeners='[]'}, sslSettings=SslSettings{enabled=false, invalidHostNameAllowed=false, context=null}, applicationName='null', compressorList=[], uuidRepresentation=UNSPECIFIED, serverApi=null, autoEncryptionSettings=null, dnsClient=null, inetAddressResolver=null, contextProvider=null, timeoutMS=null}
2025-03-31T08:12:39.741Z  INFO 34776 --- [cluster-ClusterId{value='67ea4e778f36204897f2aaac', description='null'}-localhost:32769] org.mongodb.driver.cluster               : Monitor thread successfully connected to server with description ServerDescription{address=localhost:32769, type=SHARD_ROUTER, cryptd=false, state=CONNECTED, ok=true, minWireVersion=0, maxWireVersion=17, maxDocumentSize=16777216, logicalSessionTimeoutMinutes=30, roundTripTimeNanos=77190423, minRoundTripTimeNanos=0}
2025-03-31T08:12:42.353Z  INFO 34776 --- [Test worker] o.s.b.t.m.w.SpringBootMockServletContext : Initializing Spring TestDispatcherServlet ''
2025-03-31T08:12:42.354Z  INFO 34776 --- [Test worker] o.s.t.web.servlet.TestDispatcherServlet  : Initializing Servlet ''
2025-03-31T08:12:42.372Z  INFO 34776 --- [Test worker] o.s.b.a.e.web.EndpointLinksResolver      : Exposing 1 endpoint beneath base path '/actuator'
2025-03-31T08:12:42.388Z  INFO 34776 --- [Test worker] o.s.t.web.servlet.TestDispatcherServlet  : Completed initialization in 33 ms
2025-03-31T08:12:42.521Z  INFO 34776 --- [Test worker] u.h.c.GreetingsControllerIntegrationTest : Started GreetingsControllerIntegrationTest in 7.166 seconds (process running for 37.546)
2025-03-31T08:12:44.967Z  INFO 34776 --- [cluster-ClusterId{value='67ea4e778f36204897f2aaac', description='null'}-localhost:32769] org.mongodb.driver.cluster               : Exception in monitor thread while connecting to server localhost:32769


com.mongodb.MongoSocketReadException: Prematurely reached end of stream
	at com.mongodb.internal.connection.SocketStream.read(SocketStream.java:184) ~[mongodb-driver-core-5.2.1.jar:na]
	at com.mongodb.internal.connection.InternalStreamConnection.receiveResponseBuffers(InternalStreamConnection.java:829) ~[mongodb-driver-core-5.2.1.jar:na]
	at com.mongodb.internal.connection.InternalStreamConnection.receiveCommandMessageResponse(InternalStreamConnection.java:517) ~[mongodb-driver-core-5.2.1.jar:na]
	at com.mongodb.internal.connection.InternalStreamConnection.receive(InternalStreamConnection.java:469) ~[mongodb-driver-core-5.2.1.jar:na]
	at com.mongodb.internal.connection.DefaultServerMonitor$ServerMonitor.lookupServerDescription(DefaultServerMonitor.java:249) ~[mongodb-driver-core-5.2.1.jar:na]
	at com.mongodb.internal.connection.DefaultServerMonitor$ServerMonitor.run(DefaultServerMonitor.java:176) ~[mongodb-driver-core-5.2.1.jar:na]

2025-03-31T08:19:23.194Z  INFO 40150 --- [Test worker] u.h.c.GreetingsControllerIntegrationTest : Starting GreetingsControllerIntegrationTest using Java 21.0.5 with PID 40150 (started by codespace in /workspaces/service)
2025-03-31T08:19:23.199Z DEBUG 40150 --- [Test worker] u.h.c.GreetingsControllerIntegrationTest : Running with Spring Boot v3.4.0, Spring v6.2.0
2025-03-31T08:19:23.204Z  INFO 40150 --- [Test worker] u.h.c.GreetingsControllerIntegrationTest : No active profile set, falling back to 1 default profile: "default"
2025-03-31T08:19:24.677Z  INFO 40150 --- [Test worker] .s.d.r.c.RepositoryConfigurationDelegate : Bootstrapping Spring Data MongoDB repositories in DEFAULT mode.
2025-03-31T08:19:24.696Z  INFO 40150 --- [Test worker] .i.s.PathMatchingResourcePatternResolver : Skipping search for files matching pattern [**/*.class]: directory [/workspaces/service/build/classes/java/test/ro/unibuc/hello/repositories] does not exist
2025-03-31T08:19:24.745Z  INFO 40150 --- [Test worker] .i.s.PathMatchingResourcePatternResolver : Skipping search for files matching pattern [**/*.class]: directory [/workspaces/service/build/classes/java/test/ro/unibuc/hello/data] does not exist
2025-03-31T08:19:24.759Z  INFO 40150 --- [Test worker] .i.s.PathMatchingResourcePatternResolver : Skipping search for files matching pattern [**/*Impl.class]: directory [/workspaces/service/build/classes/java/test/ro/unibuc/hello/repositories] does not exist
2025-03-31T08:19:24.763Z  INFO 40150 --- [Test worker] .i.s.PathMatchingResourcePatternResolver : Skipping search for files matching pattern [**/*Impl.class]: directory [/workspaces/service/build/classes/java/test/ro/unibuc/hello/data] does not exist
2025-03-31T08:19:24.789Z  INFO 40150 --- [Test worker] .s.d.r.c.RepositoryConfigurationDelegate : Finished Spring Data repository scanning in 96 ms. Found 7 MongoDB repository interfaces.
2025-03-31T08:19:26.415Z  INFO 40150 --- [Test worker] org.mongodb.driver.client                : MongoClient with metadata {"driver": {"name": "mongo-java-driver|sync", "version": "5.2.1"}, "os": {"type": "Linux", "name": "Linux", "architecture": "amd64", "version": "6.8.0-1021-azure"}, "platform": "Java/Microsoft/21.0.5+11-LTS", "env": {"container": {"runtime": "docker"}}} created with settings MongoClientSettings{readPreference=primary, writeConcern=WriteConcern{w=null, wTimeout=null ms, journal=null}, retryWrites=true, retryReads=true, readConcern=ReadConcern{level=null}, credential=null, transportSettings=null, commandListeners=[], codecRegistry=ProvidersCodecRegistry{codecProviders=[ValueCodecProvider{}, BsonValueCodecProvider{}, DBRefCodecProvider{}, DBObjectCodecProvider{}, DocumentCodecProvider{}, CollectionCodecProvider{}, IterableCodecProvider{}, MapCodecProvider{}, GeoJsonCodecProvider{}, GridFSFileCodecProvider{}, Jsr310CodecProvider{}, JsonObjectCodecProvider{}, BsonCodecProvider{}, EnumCodecProvider{}, com.mongodb.client.model.mql.ExpressionCodecProvider@2f71cdc0, com.mongodb.Jep395RecordCodecProvider@5440942, com.mongodb.KotlinCodecProvider@18aa9b83]}, loggerSettings=LoggerSettings{maxDocumentLength=1000}, clusterSettings={hosts=[localhost:32771], srvServiceName=mongodb, mode=SINGLE, requiredClusterType=UNKNOWN, requiredReplicaSetName='null', serverSelector='null', clusterListeners='[]', serverSelectionTimeout='30000 ms', localThreshold='15 ms'}, socketSettings=SocketSettings{connectTimeoutMS=10000, readTimeoutMS=0, receiveBufferSize=0, proxySettings=ProxySettings{host=null, port=null, username=null, password=null}}, heartbeatSocketSettings=SocketSettings{connectTimeoutMS=10000, readTimeoutMS=10000, receiveBufferSize=0, proxySettings=ProxySettings{host=null, port=null, username=null, password=null}}, connectionPoolSettings=ConnectionPoolSettings{maxSize=100, minSize=0, maxWaitTimeMS=120000, maxConnectionLifeTimeMS=0, maxConnectionIdleTimeMS=0, maintenanceInitialDelayMS=0, maintenanceFrequencyMS=60000, connectionPoolListeners=[], maxConnecting=2}, serverSettings=ServerSettings{heartbeatFrequencyMS=10000, minHeartbeatFrequencyMS=500, serverMonitoringMode=AUTO, serverListeners='[]', serverMonitorListeners='[]'}, sslSettings=SslSettings{enabled=false, invalidHostNameAllowed=false, context=null}, applicationName='null', compressorList=[], uuidRepresentation=UNSPECIFIED, serverApi=null, autoEncryptionSettings=null, dnsClient=null, inetAddressResolver=null, contextProvider=null, timeoutMS=null}
2025-03-31T08:19:26.452Z  INFO 40150 --- [cluster-ClusterId{value='67ea500ead331b15e8f590d2', description='null'}-localhost:32771] org.mongodb.driver.cluster               : Monitor thread successfully connected to server with description ServerDescription{address=localhost:32771, type=SHARD_ROUTER, cryptd=false, state=CONNECTED, ok=true, minWireVersion=0, maxWireVersion=17, maxDocumentSize=16777216, logicalSessionTimeoutMinutes=30, roundTripTimeNanos=72098496, minRoundTripTimeNanos=0}
2025-03-31T08:19:29.023Z  INFO 40150 --- [Test worker] o.s.b.t.m.w.SpringBootMockServletContext : Initializing Spring TestDispatcherServlet ''
2025-03-31T08:19:29.025Z  INFO 40150 --- [Test worker] o.s.t.web.servlet.TestDispatcherServlet  : Initializing Servlet ''
2025-03-31T08:19:29.079Z  INFO 40150 --- [Test worker] o.s.b.a.e.web.EndpointLinksResolver      : Exposing 1 endpoint beneath base path '/actuator'
2025-03-31T08:19:29.100Z  INFO 40150 --- [Test worker] o.s.t.web.servlet.TestDispatcherServlet  : Completed initialization in 74 ms
2025-03-31T08:19:29.193Z  INFO 40150 --- [Test worker] u.h.c.GreetingsControllerIntegrationTest : Started GreetingsControllerIntegrationTest in 7.219 seconds (process running for 20.664)
2025-03-31T08:19:31.549Z  INFO 40150 --- [cluster-ClusterId{value='67ea500ead331b15e8f590d2', description='null'}-localhost:32771] org.mongodb.driver.cluster               : Exception in monitor thread while connecting to server localhost:32771

com.mongodb.MongoSocketReadException: Prematurely reached end of stream
	at com.mongodb.internal.connection.SocketStream.read(SocketStream.java:184) ~[mongodb-driver-core-5.2.1.jar:na]
	at com.mongodb.internal.connection.InternalStreamConnection.receiveResponseBuffers(InternalStreamConnection.java:829) ~[mongodb-driver-core-5.2.1.jar:na]
	at com.mongodb.internal.connection.InternalStreamConnection.receiveCommandMessageResponse(InternalStreamConnection.java:517) ~[mongodb-driver-core-5.2.1.jar:na]
	at com.mongodb.internal.connection.InternalStreamConnection.receive(InternalStreamConnection.java:469) ~[mongodb-driver-core-5.2.1.jar:na]
	at com.mongodb.internal.connection.DefaultServerMonitor$ServerMonitor.lookupServerDescription(DefaultServerMonitor.java:249) ~[mongodb-driver-core-5.2.1.jar:na]
	at com.mongodb.internal.connection.DefaultServerMonitor$ServerMonitor.run(DefaultServerMonitor.java:176) ~[mongodb-driver-core-5.2.1.jar:na]


2025-03-31T08:19:31.569Z  INFO 40150 --- [cluster-ClusterId{value='67ea500ead331b15e8f590d2', description='null'}-localhost:32771] org.mongodb.driver.cluster               : Exception in monitor thread while connecting to server localhost:32771


com.mongodb.MongoSocketReadException: Exception receiving message
	at com.mongodb.internal.connection.InternalStreamConnection.translateReadException(InternalStreamConnection.java:814) ~[mongodb-driver-core-5.2.1.jar:na]
	at com.mongodb.internal.connection.InternalStreamConnection.receiveResponseBuffers(InternalStreamConnection.java:862) ~[mongodb-driver-core-5.2.1.jar:na]
	at com.mongodb.internal.connection.InternalStreamConnection.receiveCommandMessageResponse(InternalStreamConnection.java:517) ~[mongodb-driver-core-5.2.1.jar:na]
	at com.mongodb.internal.connection.InternalStreamConnection.sendAndReceiveInternal(InternalStreamConnection.java:448) ~[mongodb-driver-core-5.2.1.jar:na]
	at com.mongodb.internal.connection.InternalStreamConnection.lambda$sendAndReceive$0(InternalStreamConnection.java:375) ~[mongodb-driver-core-5.2.1.jar:na]
	at com.mongodb.internal.connection.InternalStreamConnection.sendAndReceive(InternalStreamConnection.java:378) ~[mongodb-driver-core-5.2.1.jar:na]
	at com.mongodb.internal.connection.CommandHelper.sendAndReceive(CommandHelper.java:100) ~[mongodb-driver-core-5.2.1.jar:na]
	at com.mongodb.internal.connection.CommandHelper.executeCommand(CommandHelper.java:49) ~[mongodb-driver-core-5.2.1.jar:na]
	at com.mongodb.internal.connection.InternalStreamConnectionInitializer.initializeConnectionDescription(InternalStreamConnectionInitializer.java:144) ~[mongodb-driver-core-5.2.1.jar:na]
	at com.mongodb.internal.connection.InternalStreamConnectionInitializer.startHandshake(InternalStreamConnectionInitializer.java:79) ~[mongodb-driver-core-5.2.1.jar:na]
	at com.mongodb.internal.connection.InternalStreamConnection.open(InternalStreamConnection.java:235) ~[mongodb-driver-core-5.2.1.jar:na]
	at com.mongodb.internal.connection.DefaultServerMonitor$ServerMonitor.lookupServerDescription(DefaultServerMonitor.java:219) ~[mongodb-driver-core-5.2.1.jar:na]
	at com.mongodb.internal.connection.DefaultServerMonitor$ServerMonitor.run(DefaultServerMonitor.java:176) ~[mongodb-driver-core-5.2.1.jar:na]
Caused by: java.net.SocketException: Connection reset
	at java.base/sun.nio.ch.NioSocketImpl.implRead(NioSocketImpl.java:318) ~[na:na]
	at java.base/sun.nio.ch.NioSocketImpl.read(NioSocketImpl.java:346) ~[na:na]
	at java.base/sun.nio.ch.NioSocketImpl$1.read(NioSocketImpl.java:796) ~[na:na]
	at java.base/java.net.Socket$SocketInputStream.read(Socket.java:1099) ~[na:na]
	at com.mongodb.internal.connection.SocketStream.read(SocketStream.java:182) ~[mongodb-driver-core-5.2.1.jar:na]
	at com.mongodb.internal.connection.InternalStreamConnection.receiveResponseBuffers(InternalStreamConnection.java:829) ~[mongodb-driver-core-5.2.1.jar:na]
	... 11 common frames omitted


2025-03-31T08:41:57.881Z  INFO 56258 --- [Test worker] u.h.c.GreetingsControllerIntegrationTest : Starting GreetingsControllerIntegrationTest using Java 21.0.5 with PID 56258 (started by codespace in /workspaces/service)
2025-03-31T08:41:57.889Z DEBUG 56258 --- [Test worker] u.h.c.GreetingsControllerIntegrationTest : Running with Spring Boot v3.4.0, Spring v6.2.0
2025-03-31T08:41:57.893Z  INFO 56258 --- [Test worker] u.h.c.GreetingsControllerIntegrationTest : No active profile set, falling back to 1 default profile: "default"
2025-03-31T08:41:59.335Z  INFO 56258 --- [Test worker] .s.d.r.c.RepositoryConfigurationDelegate : Bootstrapping Spring Data MongoDB repositories in DEFAULT mode.
2025-03-31T08:41:59.352Z  INFO 56258 --- [Test worker] .i.s.PathMatchingResourcePatternResolver : Skipping search for files matching pattern [**/*.class]: directory [/workspaces/service/build/classes/java/test/ro/unibuc/hello/repositories] does not exist
2025-03-31T08:41:59.398Z  INFO 56258 --- [Test worker] .i.s.PathMatchingResourcePatternResolver : Skipping search for files matching pattern [**/*.class]: directory [/workspaces/service/build/classes/java/test/ro/unibuc/hello/data] does not exist
2025-03-31T08:41:59.421Z  INFO 56258 --- [Test worker] .i.s.PathMatchingResourcePatternResolver : Skipping search for files matching pattern [**/*Impl.class]: directory [/workspaces/service/build/classes/java/test/ro/unibuc/hello/repositories] does not exist
2025-03-31T08:41:59.426Z  INFO 56258 --- [Test worker] .i.s.PathMatchingResourcePatternResolver : Skipping search for files matching pattern [**/*Impl.class]: directory [/workspaces/service/build/classes/java/test/ro/unibuc/hello/data] does not exist
2025-03-31T08:41:59.468Z  INFO 56258 --- [Test worker] .s.d.r.c.RepositoryConfigurationDelegate : Finished Spring Data repository scanning in 120 ms. Found 7 MongoDB repository interfaces.
2025-03-31T08:42:01.377Z  INFO 56258 --- [Test worker] org.mongodb.driver.client                : MongoClient with metadata {"driver": {"name": "mongo-java-driver|sync", "version": "5.2.1"}, "os": {"type": "Linux", "name": "Linux", "architecture": "amd64", "version": "6.8.0-1021-azure"}, "platform": "Java/Microsoft/21.0.5+11-LTS", "env": {"container": {"runtime": "docker"}}} created with settings MongoClientSettings{readPreference=primary, writeConcern=WriteConcern{w=null, wTimeout=null ms, journal=null}, retryWrites=true, retryReads=true, readConcern=ReadConcern{level=null}, credential=null, transportSettings=null, commandListeners=[], codecRegistry=ProvidersCodecRegistry{codecProviders=[ValueCodecProvider{}, BsonValueCodecProvider{}, DBRefCodecProvider{}, DBObjectCodecProvider{}, DocumentCodecProvider{}, CollectionCodecProvider{}, IterableCodecProvider{}, MapCodecProvider{}, GeoJsonCodecProvider{}, GridFSFileCodecProvider{}, Jsr310CodecProvider{}, JsonObjectCodecProvider{}, BsonCodecProvider{}, EnumCodecProvider{}, com.mongodb.client.model.mql.ExpressionCodecProvider@1b7f7b6e, com.mongodb.Jep395RecordCodecProvider@6a65daed, com.mongodb.KotlinCodecProvider@5bb48619]}, loggerSettings=LoggerSettings{maxDocumentLength=1000}, clusterSettings={hosts=[localhost:32773], srvServiceName=mongodb, mode=SINGLE, requiredClusterType=UNKNOWN, requiredReplicaSetName='null', serverSelector='null', clusterListeners='[]', serverSelectionTimeout='30000 ms', localThreshold='15 ms'}, socketSettings=SocketSettings{connectTimeoutMS=10000, readTimeoutMS=0, receiveBufferSize=0, proxySettings=ProxySettings{host=null, port=null, username=null, password=null}}, heartbeatSocketSettings=SocketSettings{connectTimeoutMS=10000, readTimeoutMS=10000, receiveBufferSize=0, proxySettings=ProxySettings{host=null, port=null, username=null, password=null}}, connectionPoolSettings=ConnectionPoolSettings{maxSize=100, minSize=0, maxWaitTimeMS=120000, maxConnectionLifeTimeMS=0, maxConnectionIdleTimeMS=0, maintenanceInitialDelayMS=0, maintenanceFrequencyMS=60000, connectionPoolListeners=[], maxConnecting=2}, serverSettings=ServerSettings{heartbeatFrequencyMS=10000, minHeartbeatFrequencyMS=500, serverMonitoringMode=AUTO, serverListeners='[]', serverMonitorListeners='[]'}, sslSettings=SslSettings{enabled=false, invalidHostNameAllowed=false, context=null}, applicationName='null', compressorList=[], uuidRepresentation=UNSPECIFIED, serverApi=null, autoEncryptionSettings=null, dnsClient=null, inetAddressResolver=null, contextProvider=null, timeoutMS=null}
2025-03-31T08:42:01.417Z  INFO 56258 --- [cluster-ClusterId{value='67ea5559f4927d7acb9efa36', description='null'}-localhost:32773] org.mongodb.driver.cluster               : Monitor thread successfully connected to server with description ServerDescription{address=localhost:32773, type=SHARD_ROUTER, cryptd=false, state=CONNECTED, ok=true, minWireVersion=0, maxWireVersion=17, maxDocumentSize=16777216, logicalSessionTimeoutMinutes=30, roundTripTimeNanos=56971746, minRoundTripTimeNanos=0}
2025-03-31T08:42:04.078Z  INFO 56258 --- [Test worker] o.s.b.t.m.w.SpringBootMockServletContext : Initializing Spring TestDispatcherServlet ''
2025-03-31T08:42:04.080Z  INFO 56258 --- [Test worker] o.s.t.web.servlet.TestDispatcherServlet  : Initializing Servlet ''
2025-03-31T08:42:04.097Z  INFO 56258 --- [Test worker] o.s.b.a.e.web.EndpointLinksResolver      : Exposing 1 endpoint beneath base path '/actuator'
2025-03-31T08:42:04.113Z  INFO 56258 --- [Test worker] o.s.t.web.servlet.TestDispatcherServlet  : Completed initialization in 32 ms
2025-03-31T08:42:04.250Z  INFO 56258 --- [Test worker] u.h.c.GreetingsControllerIntegrationTest : Started GreetingsControllerIntegrationTest in 7.703 seconds (process running for 18.931)
2025-03-31T08:42:06.556Z  INFO 56258 --- [cluster-ClusterId{value='67ea5559f4927d7acb9efa36', description='null'}-localhost:32773] org.mongodb.driver.cluster               : Exception in monitor thread while connecting to server localhost:32773


com.mongodb.MongoSocketReadException: Prematurely reached end of stream
	at com.mongodb.internal.connection.SocketStream.read(SocketStream.java:184) ~[mongodb-driver-core-5.2.1.jar:na]
	at com.mongodb.internal.connection.InternalStreamConnection.receiveResponseBuffers(InternalStreamConnection.java:829) ~[mongodb-driver-core-5.2.1.jar:na]
	at com.mongodb.internal.connection.InternalStreamConnection.receiveCommandMessageResponse(InternalStreamConnection.java:517) ~[mongodb-driver-core-5.2.1.jar:na]
	at com.mongodb.internal.connection.InternalStreamConnection.receive(InternalStreamConnection.java:469) ~[mongodb-driver-core-5.2.1.jar:na]
	at com.mongodb.internal.connection.DefaultServerMonitor$ServerMonitor.lookupServerDescription(DefaultServerMonitor.java:249) ~[mongodb-driver-core-5.2.1.jar:na]
	at com.mongodb.internal.connection.DefaultServerMonitor$ServerMonitor.run(DefaultServerMonitor.java:176) ~[mongodb-driver-core-5.2.1.jar:na]


